<?xml version="1.0" encoding="UTF-8"?>
<!-- Generated by org.testng.reporters.JUnitReportReporter -->
<testsuite hostname="DESKTOP-MEQQDCQ" failures="0" tests="1" name="com.StudentEnrollmentSystem.scripts.AdSearUsngExitmarkTestClass" time="7.176" errors="0" timestamp="2022-03-10T00:35:32 PST" skipped="0">
  <testcase classname="com.StudentEnrollmentSystem.scripts.AdSearUsngExitmarkTestClass" name="AdSearUsngCourse" time="7.176"/>
  <system-out/>
</testsuite> <!-- com.StudentEnrollmentSystem.scripts.AdSearUsngExitmarkTestClass -->
