<?xml version="1.0" encoding="UTF-8"?>
<!-- Generated by org.testng.reporters.JUnitReportReporter -->
<testsuite hostname="DESKTOP-MEQQDCQ" failures="0" tests="1" name="com.StudentEnrollmentSystem.scripts.AdSearUsngPassoutyrTestClass" time="11.225" errors="0" timestamp="2022-03-10T00:04:52 PST" skipped="0">
  <testcase classname="com.StudentEnrollmentSystem.scripts.AdSearUsngPassoutyrTestClass" name="AdSearUsngPassoutyr" time="11.225"/>
  <system-out/>
</testsuite> <!-- com.StudentEnrollmentSystem.scripts.AdSearUsngPassoutyrTestClass -->
