<?xml version="1.0" encoding="UTF-8"?>
<!-- Generated by org.testng.reporters.JUnitReportReporter -->
<testsuite hostname="DESKTOP-MEQQDCQ" failures="0" tests="1" name="com.StudentEnrollmentSystem.scripts.AdEmployeesEditUsngNameTestClass" time="24.091" errors="0" timestamp="2022-03-10T03:09:40 PST" skipped="0">
  <testcase classname="com.StudentEnrollmentSystem.scripts.AdEmployeesEditUsngNameTestClass" name="verifyAdEmployeeEditUsngNameTestClass" time="24.091"/>
  <system-out/>
</testsuite> <!-- com.StudentEnrollmentSystem.scripts.AdEmployeesEditUsngNameTestClass -->
