<?xml version="1.0" encoding="UTF-8"?>
<!-- Generated by org.testng.reporters.JUnitReportReporter -->
<testsuite hostname="DESKTOP-MEQQDCQ" failures="0" tests="1" name="com.StudentEnrollmentSystem.scripts.AdminLoginUsingInvalidPwdTestClass" time="28.189" errors="0" timestamp="2022-03-08T03:45:58 PST" skipped="0">
  <testcase classname="com.StudentEnrollmentSystem.scripts.AdminLoginUsingInvalidPwdTestClass" name="verifyAdminLoginUsingInvalidPwdTestClass" time="28.189"/>
  <system-out/>
</testsuite> <!-- com.StudentEnrollmentSystem.scripts.AdminLoginUsingInvalidPwdTestClass -->
