<?xml version="1.0" encoding="UTF-8"?>
<!-- Generated by org.testng.reporters.JUnitReportReporter -->
<testsuite hostname="DESKTOP-MEQQDCQ" failures="0" tests="1" name="com.StudentEnrollmentSystem.scripts.AdEmployeeEditUsngEmailTestClass" time="19.295" errors="0" timestamp="2022-03-18T14:49:28 GST" skipped="0">
  <testcase classname="com.StudentEnrollmentSystem.scripts.AdEmployeeEditUsngEmailTestClass" name="verifyAdEmployeeEditUsngEmailTestClass" time="19.295"/>
  <system-out/>
</testsuite> <!-- com.StudentEnrollmentSystem.scripts.AdEmployeeEditUsngEmailTestClass -->
