<?xml version="1.0" encoding="UTF-8"?>
<!-- Generated by org.testng.reporters.JUnitReportReporter -->
<testsuite hostname="DESKTOP-MEQQDCQ" failures="0" tests="1" name="com.StudentEnrollmentSystem.scripts.AdAllStudSearUsngEmailTestClass" time="11.646" errors="0" timestamp="2022-03-19T14:48:29 GST" skipped="0">
  <testcase classname="com.StudentEnrollmentSystem.scripts.AdAllStudSearUsngEmailTestClass" name="verifyAdAllStudSearUsngEmail" time="11.646"/>
  <system-out/>
</testsuite> <!-- com.StudentEnrollmentSystem.scripts.AdAllStudSearUsngEmailTestClass -->
