<?xml version="1.0" encoding="UTF-8"?>
<!-- Generated by org.testng.reporters.JUnitReportReporter -->
<testsuite hostname="DESKTOP-MEQQDCQ" failures="0" tests="1" name="com.StudentEnrollmentSystem.scripts.AdSearUsngCourseTestClass" time="7.291" errors="0" timestamp="2022-03-10T00:12:57 PST" skipped="0">
  <testcase classname="com.StudentEnrollmentSystem.scripts.AdSearUsngCourseTestClass" name="AdSearUsngCourse" time="7.291"/>
  <system-out/>
</testsuite> <!-- com.StudentEnrollmentSystem.scripts.AdSearUsngCourseTestClass -->
