<?xml version="1.0" encoding="UTF-8"?>
<!-- Generated by org.testng.reporters.JUnitReportReporter -->
<testsuite hostname="DESKTOP-MEQQDCQ" failures="0" tests="1" name="com.StudentEnrollmentSystem.scripts.AdminLogoutTestClass" time="15.193" errors="0" timestamp="2022-03-10T00:46:23 PST" skipped="0">
  <testcase classname="com.StudentEnrollmentSystem.scripts.AdminLogoutTestClass" name="AdminLogout" time="15.193"/>
  <system-out/>
</testsuite> <!-- com.StudentEnrollmentSystem.scripts.AdminLogoutTestClass -->
