<?xml version="1.0" encoding="UTF-8"?>
<!-- Generated by org.testng.reporters.JUnitReportReporter -->
<testsuite hostname="DESKTOP-MEQQDCQ" failures="0" tests="1" name="com.StudentEnrollmentSystem.scripts.RegAsNewStudButtonTestClass" time="5.021" errors="0" timestamp="2022-03-08T01:09:08 PST" skipped="0">
  <testcase classname="com.StudentEnrollmentSystem.scripts.RegAsNewStudButtonTestClass" name="VerifyRegAsNewStudButton" time="5.021"/>
  <system-out/>
</testsuite> <!-- com.StudentEnrollmentSystem.scripts.RegAsNewStudButtonTestClass -->
