<?xml version="1.0" encoding="UTF-8"?>
<!-- Generated by org.testng.reporters.JUnitReportReporter -->
<testsuite hostname="DESKTOP-MEQQDCQ" failures="0" tests="1" name="com.StudentEnrollmentSystem.scripts.AdminLoginUsingInvalidcredTestClass" time="7.544" errors="0" timestamp="2022-03-08T03:19:06 PST" skipped="0">
  <testcase classname="com.StudentEnrollmentSystem.scripts.AdminLoginUsingInvalidcredTestClass" name="verifyAdminLoginTestClass" time="7.544"/>
  <system-out/>
</testsuite> <!-- com.StudentEnrollmentSystem.scripts.AdminLoginUsingInvalidcredTestClass -->
