<?xml version="1.0" encoding="UTF-8"?>
<!-- Generated by org.testng.reporters.JUnitReportReporter -->
<testsuite hostname="DESKTOP-MEQQDCQ" failures="0" tests="1" name="com.StudentEnrollmentSystem.scripts.RegAsNewEmployButtonTestClass" time="5.171" errors="0" timestamp="2022-03-08T00:50:04 PST" skipped="0">
  <testcase classname="com.StudentEnrollmentSystem.scripts.RegAsNewEmployButtonTestClass" name="VerifyRegAsNewEmployButton" time="5.171"/>
  <system-out/>
</testsuite> <!-- com.StudentEnrollmentSystem.scripts.RegAsNewEmployButtonTestClass -->
