<?xml version="1.0" encoding="UTF-8"?>
<!-- Generated by org.testng.reporters.JUnitReportReporter -->
<testsuite hostname="DESKTOP-MEQQDCQ" failures="0" tests="1" name="com.StudentEnrollmentSystem.scripts.AdminLoginTestClass" time="0.000" errors="0" timestamp="2022-03-11T01:25:22 PST" skipped="1">
  <testcase classname="com.StudentEnrollmentSystem.scripts.AdminLoginTestClass" name="verifyAdminLoginTestClass" time="0.000">
    <skipped/>
  </testcase> <!-- verifyAdminLoginTestClass -->
  <system-out/>
</testsuite> <!-- com.StudentEnrollmentSystem.scripts.AdminLoginTestClass -->
