<?xml version="1.0" encoding="UTF-8"?>
<!-- Generated by org.testng.reporters.JUnitReportReporter -->
<testsuite hostname="DESKTOP-MEQQDCQ" failures="0" tests="1" name="com.StudentEnrollmentSystem.scripts.AdminEmployeeRejectTestClass" time="8.701" errors="0" timestamp="2022-03-19T14:57:52 GST" skipped="0">
  <testcase classname="com.StudentEnrollmentSystem.scripts.AdminEmployeeRejectTestClass" name="verifyAdminEmployeeReject" time="8.701"/>
  <system-out/>
</testsuite> <!-- com.StudentEnrollmentSystem.scripts.AdminEmployeeRejectTestClass -->
