<?xml version="1.0" encoding="UTF-8"?>
<!-- Generated by org.testng.reporters.JUnitReportReporter -->
<testsuite hostname="DESKTOP-MEQQDCQ" failures="0" tests="1" name="com.StudentEnrollmentSystem.scripts.AdAllStudUsngIDTestClass" time="14.128" errors="0" timestamp="2022-03-08T04:35:29 PST" skipped="0">
  <testcase classname="com.StudentEnrollmentSystem.scripts.AdAllStudUsngIDTestClass" name="verifyAdminAllStudUsngIDTestClass" time="14.128"/>
  <system-out/>
</testsuite> <!-- com.StudentEnrollmentSystem.scripts.AdAllStudUsngIDTestClass -->
