<?xml version="1.0" encoding="UTF-8"?>
<!-- Generated by org.testng.reporters.JUnitReportReporter -->
<testsuite hostname="DESKTOP-MEQQDCQ" failures="0" tests="1" name="com.StudentEnrollmentSystem.scripts.AdEmployeeEditUsngRoleTestClass" time="18.491" errors="0" timestamp="2022-03-19T14:50:03 GST" skipped="0">
  <testcase classname="com.StudentEnrollmentSystem.scripts.AdEmployeeEditUsngRoleTestClass" name="verifyAdEmployeeEditUsngRoleTestClass" time="18.491"/>
  <system-out/>
</testsuite> <!-- com.StudentEnrollmentSystem.scripts.AdEmployeeEditUsngRoleTestClass -->
