<?xml version="1.0" encoding="UTF-8"?>
<!-- Generated by org.testng.reporters.JUnitReportReporter -->
<testsuite hostname="DESKTOP-MEQQDCQ" failures="0" tests="1" name="com.StudentEnrollmentSystem.scripts.AdminAllStudentsButtonTestClass" time="10.762" errors="0" timestamp="2022-03-09T02:36:00 PST" skipped="0">
  <testcase classname="com.StudentEnrollmentSystem.scripts.AdminAllStudentsButtonTestClass" name="verifyAdminAllStudentsButton" time="10.762"/>
  <system-out/>
</testsuite> <!-- com.StudentEnrollmentSystem.scripts.AdminAllStudentsButtonTestClass -->
