<?xml version="1.0" encoding="UTF-8"?>
<!-- Generated by org.testng.reporters.JUnitReportReporter -->
<testsuite hostname="DESKTOP-MEQQDCQ" failures="0" tests="1" name="com.StudentEnrollmentSystem.scripts.AdminAllStudentsShowDetailsTestClass" time="16.032" errors="0" timestamp="2022-03-09T01:52:32 PST" skipped="0">
  <testcase classname="com.StudentEnrollmentSystem.scripts.AdminAllStudentsShowDetailsTestClass" name="verifyAdminAllStudentsShowDetails" time="16.032"/>
  <system-out/>
</testsuite> <!-- com.StudentEnrollmentSystem.scripts.AdminAllStudentsShowDetailsTestClass -->
