<?xml version="1.0" encoding="UTF-8"?>
<!-- Generated by org.testng.reporters.JUnitReportReporter -->
<testsuite hostname="DESKTOP-MEQQDCQ" failures="0" tests="1" name="com.StudentEnrollmentSystem.scripts.AdminAllStudentsTestClass" time="15.043" errors="0" timestamp="2022-03-06T09:29:48 PST" skipped="0">
  <testcase classname="com.StudentEnrollmentSystem.scripts.AdminAllStudentsTestClass" name="verifyAdminLoginTestClass" time="15.043"/>
  <system-out/>
</testsuite> <!-- com.StudentEnrollmentSystem.scripts.AdminAllStudentsTestClass -->
