<?xml version="1.0" encoding="UTF-8"?>
<!-- Generated by org.testng.reporters.JUnitReportReporter -->
<testsuite hostname="DESKTOP-MEQQDCQ" failures="0" tests="1" name="com.StudentEnrollmentSystem.scripts.AdminEmployeesDeleteTestClass" time="14.314" errors="0" timestamp="2022-03-10T04:18:11 PST" skipped="0">
  <testcase classname="com.StudentEnrollmentSystem.scripts.AdminEmployeesDeleteTestClass" name="verifyAdminEmployeesDelete" time="14.314"/>
  <system-out/>
</testsuite> <!-- com.StudentEnrollmentSystem.scripts.AdminEmployeesDeleteTestClass -->
