<?xml version="1.0" encoding="UTF-8"?>
<!-- Generated by org.testng.reporters.JUnitReportReporter -->
<testsuite hostname="DESKTOP-MEQQDCQ" failures="0" tests="1" name="com.StudentEnrollmentSystem.scripts.TestClass" time="11.129" errors="0" timestamp="2022-03-05T22:57:52 PST" skipped="0">
  <testcase classname="com.StudentEnrollmentSystem.scripts.TestClass" name="verifyHomePage" time="11.129"/>
  <system-out/>
</testsuite> <!-- com.StudentEnrollmentSystem.scripts.TestClass -->
