<?xml version="1.0" encoding="UTF-8"?>
<!-- Generated by org.testng.reporters.JUnitReportReporter -->
<testsuite hostname="DESKTOP-MEQQDCQ" failures="0" tests="1" name="com.StudentEnrollmentSystem.scripts.AdSearUsngEmploymentStatusTestClass" time="7.197" errors="0" timestamp="2022-03-10T00:29:24 PST" skipped="0">
  <testcase classname="com.StudentEnrollmentSystem.scripts.AdSearUsngEmploymentStatusTestClass" name="AdSearUsngCourse" time="7.197"/>
  <system-out/>
</testsuite> <!-- com.StudentEnrollmentSystem.scripts.AdSearUsngEmploymentStatusTestClass -->
