<?xml version="1.0" encoding="UTF-8"?>
<!-- Generated by org.testng.reporters.JUnitReportReporter -->
<testsuite hostname="DESKTOP-MEQQDCQ" failures="0" tests="1" name="com.StudentEnrollmentSystem.scripts.AdSearUsngPlaceTestClass" time="7.594" errors="0" timestamp="2022-03-10T00:21:18 PST" skipped="0">
  <testcase classname="com.StudentEnrollmentSystem.scripts.AdSearUsngPlaceTestClass" name="AdSearUsngCourse" time="7.594"/>
  <system-out/>
</testsuite> <!-- com.StudentEnrollmentSystem.scripts.AdSearUsngPlaceTestClass -->
